(base) C:\Users\Liang\Desktop\HGCA-GitHub>python run.py --dataset DBLP --metapath-weight 0.1#0.1#0.8
Namespace(alpha=0.2, batch_size=512, cuda=False, dataset='DBLP', dropout=0.3, epoch=40, hidden_dim=128, loss_weight='0.5#0.5', lr=0.001, metapath_weight='0.1#0.1#0.8', neighbor_size=64, n
um_heads=4, out_dim=64, patience=5, repeat=1, seed=6436245, tau=0.5, weight_decay=0.001)

Using CPU
start train with repeat = 1

cur_repeat = 0   ===============================================================
model init finish
training...
Epoch 0000 | Loss 4.0377 | Time(s) 224.3855
SVM test
Macro-F1: 0.9103~0.0068(0.80), 0.9053~0.0074(0.60), 0.8960~0.0073(0.40), 0.8678~0.0081(0.20), 0.8248~0.0122(0.10), 0.7921~0.0243(0.05), 0.6938~0.0310(0.01)
Micro-F1: 0.9193~0.0059(0.80), 0.9158~0.0063(0.60), 0.9088~0.0067(0.40), 0.8884~0.0066(0.20), 0.8592~0.0090(0.10), 0.8361~0.0180(0.05), 0.7676~0.0277(0.01)

  Validation loss decreased (inf --> 4.037726).  Saving model ...
Epoch 0001 | Loss 3.7659 | Time(s) 225.8625
SVM test
Macro-F1: 0.9237~0.0073(0.80), 0.9205~0.0079(0.60), 0.9187~0.0055(0.40), 0.9155~0.0049(0.20), 0.9104~0.0059(0.10), 0.8983~0.0067(0.05), 0.8605~0.0191(0.01)
Micro-F1: 0.9298~0.0069(0.80), 0.9267~0.0074(0.60), 0.9250~0.0054(0.40), 0.9224~0.0047(0.20), 0.9181~0.0054(0.10), 0.9073~0.0060(0.05), 0.8761~0.0178(0.01)

  Validation loss decreased (4.037726 --> 3.765932).  Saving model ...
Epoch 0002 | Loss 3.6567 | Time(s) 221.3214
SVM test
C:\ProgramData\Anaconda3\lib\site-packages\sklearn\svm\_base.py:976: ConvergenceWarning: Liblinear failed to converge, increase the number of iterations.
  warnings.warn("Liblinear failed to converge, increase "
Macro-F1: 0.9292~0.0067(0.80), 0.9261~0.0073(0.60), 0.9221~0.0044(0.40), 0.9163~0.0045(0.20), 0.9036~0.0063(0.10), 0.8812~0.0118(0.05), 0.8103~0.0365(0.01)
Micro-F1: 0.9345~0.0058(0.80), 0.9318~0.0065(0.60), 0.9285~0.0041(0.40), 0.9237~0.0038(0.20), 0.9121~0.0059(0.10), 0.8921~0.0108(0.05), 0.8363~0.0242(0.01)

  Validation loss decreased (3.765932 --> 3.656698).  Saving model ...
Epoch 0003 | Loss 3.5864 | Time(s) 241.9008
SVM test
C:\ProgramData\Anaconda3\lib\site-packages\sklearn\svm\_base.py:976: ConvergenceWarning: Liblinear failed to converge, increase the number of iterations.
  warnings.warn("Liblinear failed to converge, increase "
Macro-F1: 0.9134~0.0081(0.80), 0.9091~0.0082(0.60), 0.9040~0.0046(0.40), 0.8911~0.0060(0.20), 0.8751~0.0037(0.10), 0.8585~0.0097(0.05), 0.7610~0.0510(0.01)
Micro-F1: 0.9183~0.0079(0.80), 0.9151~0.0075(0.60), 0.9107~0.0043(0.40), 0.9000~0.0052(0.20), 0.8856~0.0042(0.10), 0.8704~0.0088(0.05), 0.7882~0.0411(0.01)

  Validation loss decreased (3.656698 --> 3.586384).  Saving model ...
Epoch 0004 | Loss 3.4943 | Time(s) 222.8012
SVM test
Macro-F1: 0.9097~0.0056(0.80), 0.9037~0.0065(0.60), 0.8958~0.0050(0.40), 0.8872~0.0044(0.20), 0.8727~0.0059(0.10), 0.8513~0.0142(0.05), 0.7415~0.0458(0.01)
Micro-F1: 0.9163~0.0057(0.80), 0.9113~0.0055(0.60), 0.9047~0.0045(0.40), 0.8974~0.0045(0.20), 0.8841~0.0055(0.10), 0.8646~0.0120(0.05), 0.7681~0.0406(0.01)

  Validation loss decreased (3.586384 --> 3.494269).  Saving model ...
Epoch 0005 | Loss 3.4530 | Time(s) 213.8107
SVM test
Macro-F1: 0.9149~0.0088(0.80), 0.9087~0.0052(0.60), 0.9039~0.0043(0.40), 0.8888~0.0030(0.20), 0.8742~0.0050(0.10), 0.8560~0.0112(0.05), 0.7650~0.0536(0.01)
Micro-F1: 0.9207~0.0085(0.80), 0.9152~0.0050(0.60), 0.9112~0.0043(0.40), 0.8987~0.0034(0.20), 0.8859~0.0046(0.10), 0.8693~0.0083(0.05), 0.7980~0.0341(0.01)

  Validation loss decreased (3.494269 --> 3.452988).  Saving model ...
Epoch 0006 | Loss 3.3578 | Time(s) 216.9396
SVM test
Macro-F1: 0.9193~0.0097(0.80), 0.9179~0.0055(0.60), 0.9103~0.0055(0.40), 0.8944~0.0041(0.20), 0.8815~0.0046(0.10), 0.8637~0.0110(0.05), 0.7901~0.0385(0.01)
Micro-F1: 0.9259~0.0090(0.80), 0.9250~0.0051(0.60), 0.9185~0.0048(0.40), 0.9056~0.0035(0.20), 0.8944~0.0045(0.10), 0.8784~0.0084(0.05), 0.8159~0.0298(0.01)

  Validation loss decreased (3.452988 --> 3.357784).  Saving model ...
Epoch 0007 | Loss 3.3080 | Time(s) 214.6733
SVM test
Macro-F1: 0.9230~0.0047(0.80), 0.9183~0.0047(0.60), 0.9123~0.0056(0.40), 0.9009~0.0045(0.20), 0.8896~0.0088(0.10), 0.8700~0.0132(0.05), 0.8235~0.0273(0.01)
Micro-F1: 0.9302~0.0038(0.80), 0.9263~0.0044(0.60), 0.9213~0.0047(0.40), 0.9118~0.0037(0.20), 0.9017~0.0077(0.10), 0.8843~0.0112(0.05), 0.8403~0.0305(0.01)

  Validation loss decreased (3.357784 --> 3.307991).  Saving model ...
Epoch 0008 | Loss 3.2794 | Time(s) 217.6468
SVM test
Macro-F1: 0.9247~0.0068(0.80), 0.9194~0.0080(0.60), 0.9135~0.0070(0.40), 0.9016~0.0043(0.20), 0.8923~0.0080(0.10), 0.8770~0.0118(0.05), 0.8311~0.0288(0.01)
Micro-F1: 0.9319~0.0062(0.80), 0.9275~0.0076(0.60), 0.9229~0.0059(0.40), 0.9130~0.0033(0.20), 0.9047~0.0067(0.10), 0.8914~0.0102(0.05), 0.8499~0.0287(0.01)

  Validation loss decreased (3.307991 --> 3.279375).  Saving model ...
Epoch 0009 | Loss 3.2591 | Time(s) 211.5762
SVM test
Macro-F1: 0.9265~0.0065(0.80), 0.9215~0.0090(0.60), 0.9163~0.0088(0.40), 0.9061~0.0070(0.20), 0.8974~0.0073(0.10), 0.8883~0.0112(0.05), 0.8349~0.0254(0.01)
Micro-F1: 0.9336~0.0067(0.80), 0.9292~0.0084(0.60), 0.9250~0.0077(0.40), 0.9165~0.0062(0.20), 0.9092~0.0061(0.10), 0.9014~0.0089(0.05), 0.8550~0.0263(0.01)

  Validation loss decreased (3.279375 --> 3.259139).  Saving model ...
Epoch 0010 | Loss 3.2231 | Time(s) 220.6684
SVM test
Macro-F1: 0.9265~0.0069(0.80), 0.9248~0.0063(0.60), 0.9216~0.0054(0.40), 0.9189~0.0034(0.20), 0.9120~0.0046(0.10), 0.9060~0.0076(0.05), 0.8444~0.0310(0.01)
Micro-F1: 0.9328~0.0060(0.80), 0.9315~0.0056(0.60), 0.9285~0.0052(0.40), 0.9264~0.0032(0.20), 0.9202~0.0045(0.10), 0.9150~0.0066(0.05), 0.8645~0.0248(0.01)

  Validation loss decreased (3.259139 --> 3.223133).  Saving model ...
Epoch 0011 | Loss 3.2048 | Time(s) 211.4290
SVM test
Macro-F1: 0.9284~0.0057(0.80), 0.9268~0.0063(0.60), 0.9254~0.0049(0.40), 0.9218~0.0032(0.20), 0.9176~0.0045(0.10), 0.9113~0.0052(0.05), 0.8624~0.0365(0.01)
Micro-F1: 0.9345~0.0054(0.80), 0.9333~0.0055(0.60), 0.9320~0.0046(0.40), 0.9291~0.0029(0.20), 0.9254~0.0044(0.10), 0.9198~0.0047(0.05), 0.8795~0.0283(0.01)

  Validation loss decreased (3.223133 --> 3.204761).  Saving model ...
Epoch 0012 | Loss 3.1654 | Time(s) 214.7710
SVM test
Macro-F1: 0.9321~0.0068(0.80), 0.9285~0.0057(0.60), 0.9264~0.0063(0.40), 0.9230~0.0040(0.20), 0.9194~0.0043(0.10), 0.9139~0.0045(0.05), 0.8724~0.0333(0.01)
Micro-F1: 0.9380~0.0061(0.80), 0.9351~0.0049(0.60), 0.9330~0.0059(0.40), 0.9302~0.0037(0.20), 0.9270~0.0041(0.10), 0.9220~0.0042(0.05), 0.8873~0.0268(0.01)

  Validation loss decreased (3.204761 --> 3.165409).  Saving model ...
Epoch 0013 | Loss 3.1480 | Time(s) 223.6542
SVM test
Macro-F1: 0.9329~0.0058(0.80), 0.9289~0.0057(0.60), 0.9273~0.0044(0.40), 0.9251~0.0038(0.20), 0.9219~0.0049(0.10), 0.9169~0.0052(0.05), 0.8765~0.0359(0.01)
Micro-F1: 0.9383~0.0051(0.80), 0.9351~0.0049(0.60), 0.9337~0.0043(0.40), 0.9322~0.0034(0.20), 0.9294~0.0048(0.10), 0.9245~0.0050(0.05), 0.8906~0.0292(0.01)

  Validation loss decreased (3.165409 --> 3.148030).  Saving model ...
Epoch 0014 | Loss 3.1389 | Time(s) 218.1965
SVM test
Macro-F1: 0.9322~0.0075(0.80), 0.9310~0.0082(0.60), 0.9303~0.0046(0.40), 0.9285~0.0036(0.20), 0.9243~0.0037(0.10), 0.9192~0.0043(0.05), 0.8780~0.0435(0.01)
Micro-F1: 0.9379~0.0066(0.80), 0.9371~0.0070(0.60), 0.9364~0.0043(0.40), 0.9351~0.0031(0.20), 0.9311~0.0037(0.10), 0.9261~0.0043(0.05), 0.8930~0.0319(0.01)

  Validation loss decreased (3.148030 --> 3.138930).  Saving model ...
Epoch 0015 | Loss 3.1146 | Time(s) 212.0345
SVM test
Macro-F1: 0.9357~0.0072(0.80), 0.9314~0.0048(0.60), 0.9308~0.0032(0.40), 0.9285~0.0029(0.20), 0.9226~0.0042(0.10), 0.9182~0.0042(0.05), 0.8738~0.0477(0.01)
Micro-F1: 0.9406~0.0064(0.80), 0.9368~0.0041(0.60), 0.9361~0.0033(0.40), 0.9345~0.0027(0.20), 0.9290~0.0040(0.10), 0.9248~0.0040(0.05), 0.8903~0.0328(0.01)

  Validation loss decreased (3.138930 --> 3.114645).  Saving model ...
Epoch 0016 | Loss 3.1121 | Time(s) 206.1318
SVM test
Macro-F1: 0.9353~0.0055(0.80), 0.9325~0.0050(0.60), 0.9307~0.0040(0.40), 0.9279~0.0024(0.20), 0.9227~0.0044(0.10), 0.9168~0.0056(0.05), 0.8777~0.0418(0.01)
Micro-F1: 0.9400~0.0047(0.80), 0.9380~0.0041(0.60), 0.9362~0.0036(0.40), 0.9338~0.0022(0.20), 0.9294~0.0041(0.10), 0.9236~0.0055(0.05), 0.8925~0.0306(0.01)

  Validation loss decreased (3.114645 --> 3.112144).  Saving model ...
Epoch 0017 | Loss 3.0884 | Time(s) 215.7644
SVM test
Macro-F1: 0.9422~0.0044(0.80), 0.9385~0.0049(0.60), 0.9375~0.0040(0.40), 0.9354~0.0035(0.20), 0.9292~0.0033(0.10), 0.9222~0.0054(0.05), 0.8735~0.0562(0.01)
Micro-F1: 0.9460~0.0041(0.80), 0.9431~0.0043(0.60), 0.9420~0.0038(0.40), 0.9403~0.0032(0.20), 0.9347~0.0031(0.10), 0.9283~0.0051(0.05), 0.8913~0.0369(0.01)

  Validation loss decreased (3.112144 --> 3.088406).  Saving model ...
Epoch 0018 | Loss 3.0533 | Time(s) 252.8908
SVM test
Macro-F1: 0.9357~0.0056(0.80), 0.9334~0.0045(0.60), 0.9326~0.0036(0.40), 0.9307~0.0033(0.20), 0.9244~0.0050(0.10), 0.9205~0.0060(0.05), 0.8694~0.0520(0.01)
Micro-F1: 0.9405~0.0047(0.80), 0.9387~0.0039(0.60), 0.9377~0.0033(0.40), 0.9363~0.0030(0.20), 0.9305~0.0047(0.10), 0.9268~0.0058(0.05), 0.8877~0.0341(0.01)

  Validation loss decreased (3.088406 --> 3.053348).  Saving model ...
Epoch 0019 | Loss 3.0590 | Time(s) 214.4167
SVM test
Macro-F1: 0.9346~0.0064(0.80), 0.9346~0.0039(0.60), 0.9329~0.0033(0.40), 0.9321~0.0037(0.20), 0.9270~0.0046(0.10), 0.9211~0.0062(0.05), 0.8640~0.0583(0.01)
Micro-F1: 0.9394~0.0055(0.80), 0.9398~0.0031(0.60), 0.9380~0.0029(0.40), 0.9374~0.0034(0.20), 0.9325~0.0045(0.10), 0.9269~0.0062(0.05), 0.8848~0.0353(0.01)

  EarlyStopping counter: 1 out of 5
Epoch 0020 | Loss 3.0473 | Time(s) 219.6832
SVM test
Macro-F1: 0.9383~0.0045(0.80), 0.9357~0.0037(0.60), 0.9345~0.0025(0.40), 0.9319~0.0037(0.20), 0.9254~0.0041(0.10), 0.9193~0.0064(0.05), 0.8560~0.0569(0.01)
Micro-F1: 0.9426~0.0037(0.80), 0.9404~0.0027(0.60), 0.9391~0.0022(0.40), 0.9370~0.0034(0.20), 0.9310~0.0040(0.10), 0.9254~0.0063(0.05), 0.8788~0.0334(0.01)

  Validation loss decreased (3.053348 --> 3.047308).  Saving model ...
Epoch 0021 | Loss 3.0420 | Time(s) 210.6120
SVM test
Macro-F1: 0.9388~0.0054(0.80), 0.9356~0.0064(0.60), 0.9353~0.0034(0.40), 0.9319~0.0052(0.20), 0.9246~0.0049(0.10), 0.9185~0.0061(0.05), 0.8445~0.0598(0.01)
Micro-F1: 0.9428~0.0048(0.80), 0.9402~0.0055(0.60), 0.9398~0.0031(0.40), 0.9369~0.0050(0.20), 0.9304~0.0048(0.10), 0.9248~0.0060(0.05), 0.8689~0.0384(0.01)

  Validation loss decreased (3.047308 --> 3.042021).  Saving model ...
Epoch 0022 | Loss 3.0200 | Time(s) 215.0375
SVM test
Macro-F1: 0.9387~0.0055(0.80), 0.9361~0.0042(0.60), 0.9348~0.0035(0.40), 0.9302~0.0042(0.20), 0.9232~0.0047(0.10), 0.9176~0.0062(0.05), 0.8154~0.0751(0.01)
Micro-F1: 0.9428~0.0047(0.80), 0.9408~0.0036(0.60), 0.9393~0.0035(0.40), 0.9353~0.0040(0.20), 0.9289~0.0045(0.10), 0.9240~0.0060(0.05), 0.8545~0.0441(0.01)

  Validation loss decreased (3.042021 --> 3.019953).  Saving model ...
Epoch 0023 | Loss 3.0143 | Time(s) 208.4457
SVM test
Macro-F1: 0.9390~0.0066(0.80), 0.9371~0.0050(0.60), 0.9365~0.0030(0.40), 0.9313~0.0050(0.20), 0.9236~0.0045(0.10), 0.9173~0.0064(0.05), 0.7906~0.0956(0.01)
Micro-F1: 0.9429~0.0060(0.80), 0.9416~0.0043(0.60), 0.9408~0.0028(0.40), 0.9363~0.0047(0.20), 0.9290~0.0043(0.10), 0.9234~0.0062(0.05), 0.8340~0.0599(0.01)

  Validation loss decreased (3.019953 --> 3.014263).  Saving model ...
Epoch 0024 | Loss 3.0132 | Time(s) 208.4896
SVM test
Macro-F1: 0.9394~0.0064(0.80), 0.9369~0.0054(0.60), 0.9362~0.0031(0.40), 0.9318~0.0054(0.20), 0.9246~0.0046(0.10), 0.9173~0.0064(0.05), 0.7779~0.1017(0.01)
Micro-F1: 0.9439~0.0055(0.80), 0.9417~0.0046(0.60), 0.9411~0.0028(0.40), 0.9371~0.0052(0.20), 0.9304~0.0045(0.10), 0.9238~0.0064(0.05), 0.8287~0.0602(0.01)

  Validation loss decreased (3.014263 --> 3.013197).  Saving model ...
Epoch 0025 | Loss 2.9836 | Time(s) 203.8591
SVM test
Macro-F1: 0.9412~0.0047(0.80), 0.9384~0.0044(0.60), 0.9386~0.0035(0.40), 0.9337~0.0044(0.20), 0.9255~0.0046(0.10), 0.9166~0.0084(0.05), 0.7523~0.1089(0.01)
Micro-F1: 0.9452~0.0041(0.80), 0.9430~0.0036(0.60), 0.9430~0.0032(0.40), 0.9388~0.0042(0.20), 0.9313~0.0043(0.10), 0.9233~0.0076(0.05), 0.8108~0.0639(0.01)

  Validation loss decreased (3.013197 --> 2.983646).  Saving model ...
Epoch 0026 | Loss 2.9613 | Time(s) 218.7780
SVM test
Macro-F1: 0.9379~0.0077(0.80), 0.9354~0.0050(0.60), 0.9344~0.0029(0.40), 0.9303~0.0041(0.20), 0.9215~0.0043(0.10), 0.9134~0.0075(0.05), 0.7441~0.1034(0.01)
Micro-F1: 0.9423~0.0070(0.80), 0.9402~0.0041(0.60), 0.9392~0.0026(0.40), 0.9358~0.0040(0.20), 0.9280~0.0041(0.10), 0.9208~0.0069(0.05), 0.8072~0.0589(0.01)

  Validation loss decreased (2.983646 --> 2.961341).  Saving model ...
Epoch 0027 | Loss 2.9887 | Time(s) 209.8922
SVM test
Macro-F1: 0.9398~0.0065(0.80), 0.9357~0.0048(0.60), 0.9339~0.0031(0.40), 0.9277~0.0050(0.20), 0.9186~0.0052(0.10), 0.9079~0.0078(0.05), 0.7249~0.1097(0.01)
Micro-F1: 0.9440~0.0057(0.80), 0.9408~0.0040(0.60), 0.9391~0.0028(0.40), 0.9337~0.0048(0.20), 0.9255~0.0049(0.10), 0.9160~0.0072(0.05), 0.7924~0.0625(0.01)

  EarlyStopping counter: 1 out of 5
Epoch 0028 | Loss 2.9673 | Time(s) 203.0887
SVM test
Macro-F1: 0.9385~0.0086(0.80), 0.9348~0.0055(0.60), 0.9331~0.0031(0.40), 0.9252~0.0051(0.20), 0.9163~0.0048(0.10), 0.9055~0.0090(0.05), 0.7032~0.1102(0.01)
Micro-F1: 0.9431~0.0079(0.80), 0.9401~0.0048(0.60), 0.9381~0.0032(0.40), 0.9310~0.0051(0.20), 0.9230~0.0045(0.10), 0.9134~0.0083(0.05), 0.7778~0.0645(0.01)

  EarlyStopping counter: 2 out of 5
Epoch 0029 | Loss 2.9596 | Time(s) 216.5069
SVM test
Macro-F1: 0.9389~0.0075(0.80), 0.9367~0.0044(0.60), 0.9344~0.0032(0.40), 0.9279~0.0038(0.20), 0.9182~0.0047(0.10), 0.9041~0.0104(0.05), 0.6893~0.1022(0.01)
Micro-F1: 0.9434~0.0067(0.80), 0.9417~0.0037(0.60), 0.9395~0.0031(0.40), 0.9337~0.0037(0.20), 0.9249~0.0045(0.10), 0.9121~0.0096(0.05), 0.7659~0.0587(0.01)

  Validation loss decreased (2.961341 --> 2.959589).  Saving model ...
Epoch 0030 | Loss 2.9497 | Time(s) 215.0847
SVM test
Macro-F1: 0.9376~0.0081(0.80), 0.9345~0.0057(0.60), 0.9323~0.0037(0.40), 0.9271~0.0047(0.20), 0.9172~0.0051(0.10), 0.9032~0.0115(0.05), 0.6825~0.1068(0.01)
Micro-F1: 0.9416~0.0074(0.80), 0.9391~0.0051(0.60), 0.9370~0.0037(0.40), 0.9325~0.0046(0.20), 0.9234~0.0047(0.10), 0.9115~0.0096(0.05), 0.7652~0.0609(0.01)

  Validation loss decreased (2.959589 --> 2.949672).  Saving model ...
Epoch 0031 | Loss 2.9381 | Time(s) 206.1352
SVM test
Macro-F1: 0.9329~0.0091(0.80), 0.9299~0.0060(0.60), 0.9268~0.0040(0.40), 0.9222~0.0047(0.20), 0.9127~0.0049(0.10), 0.9016~0.0092(0.05), 0.6776~0.1050(0.01)
Micro-F1: 0.9377~0.0085(0.80), 0.9355~0.0055(0.60), 0.9324~0.0040(0.40), 0.9285~0.0046(0.20), 0.9195~0.0047(0.10), 0.9100~0.0081(0.05), 0.7599~0.0600(0.01)

  Validation loss decreased (2.949672 --> 2.938130).  Saving model ...
Epoch 0032 | Loss 2.9588 | Time(s) 206.4983
SVM test
Macro-F1: 0.9348~0.0065(0.80), 0.9319~0.0056(0.60), 0.9297~0.0041(0.40), 0.9241~0.0047(0.20), 0.9137~0.0051(0.10), 0.8982~0.0132(0.05), 0.6646~0.0985(0.01)
Micro-F1: 0.9394~0.0063(0.80), 0.9375~0.0046(0.60), 0.9350~0.0038(0.40), 0.9302~0.0047(0.20), 0.9206~0.0049(0.10), 0.9073~0.0111(0.05), 0.7504~0.0566(0.01)

  EarlyStopping counter: 1 out of 5
Epoch 0033 | Loss 2.9587 | Time(s) 205.2026
SVM test
Macro-F1: 0.9306~0.0059(0.80), 0.9281~0.0060(0.60), 0.9265~0.0036(0.40), 0.9204~0.0047(0.20), 0.9091~0.0056(0.10), 0.8910~0.0135(0.05), 0.6486~0.0925(0.01)
Micro-F1: 0.9354~0.0060(0.80), 0.9337~0.0051(0.60), 0.9319~0.0035(0.40), 0.9264~0.0047(0.20), 0.9161~0.0052(0.10), 0.9008~0.0108(0.05), 0.7354~0.0551(0.01)

  EarlyStopping counter: 2 out of 5
Epoch 0034 | Loss 2.9173 | Time(s) 211.9750
SVM test
Macro-F1: 0.9375~0.0061(0.80), 0.9328~0.0044(0.60), 0.9305~0.0058(0.40), 0.9233~0.0048(0.20), 0.9098~0.0062(0.10), 0.8917~0.0140(0.05), 0.6473~0.0982(0.01)
Micro-F1: 0.9416~0.0058(0.80), 0.9378~0.0041(0.60), 0.9353~0.0057(0.40), 0.9288~0.0048(0.20), 0.9166~0.0057(0.10), 0.9011~0.0119(0.05), 0.7325~0.0584(0.01)

  Validation loss decreased (2.938130 --> 2.917311).  Saving model ...
Epoch 0035 | Loss 2.9451 | Time(s) 204.7599
SVM test
Macro-F1: 0.9346~0.0060(0.80), 0.9321~0.0045(0.60), 0.9297~0.0048(0.40), 0.9212~0.0047(0.20), 0.9066~0.0056(0.10), 0.8863~0.0139(0.05), 0.6290~0.0945(0.01)
Micro-F1: 0.9388~0.0055(0.80), 0.9371~0.0039(0.60), 0.9347~0.0046(0.40), 0.9271~0.0045(0.20), 0.9139~0.0051(0.10), 0.8962~0.0115(0.05), 0.7135~0.0607(0.01)

  EarlyStopping counter: 1 out of 5
Epoch 0036 | Loss 2.9271 | Time(s) 205.4303
SVM test
Macro-F1: 0.9337~0.0091(0.80), 0.9307~0.0055(0.60), 0.9279~0.0053(0.40), 0.9190~0.0055(0.20), 0.9051~0.0065(0.10), 0.8840~0.0176(0.05), 0.6179~0.1058(0.01)
Micro-F1: 0.9382~0.0083(0.80), 0.9361~0.0048(0.60), 0.9328~0.0050(0.40), 0.9252~0.0053(0.20), 0.9126~0.0059(0.10), 0.8952~0.0138(0.05), 0.7079~0.0723(0.01)

  EarlyStopping counter: 2 out of 5
Epoch 0037 | Loss 2.9277 | Time(s) 212.9715
SVM test
Macro-F1: 0.9371~0.0079(0.80), 0.9357~0.0045(0.60), 0.9299~0.0048(0.40), 0.9214~0.0051(0.20), 0.9070~0.0072(0.10), 0.8861~0.0174(0.05), 0.6239~0.0977(0.01)
Micro-F1: 0.9413~0.0072(0.80), 0.9404~0.0044(0.60), 0.9347~0.0048(0.40), 0.9271~0.0049(0.20), 0.9145~0.0062(0.10), 0.8972~0.0137(0.05), 0.7112~0.0684(0.01)

  EarlyStopping counter: 3 out of 5
Epoch 0038 | Loss 2.9176 | Time(s) 212.1399
SVM test
Macro-F1: 0.9346~0.0090(0.80), 0.9306~0.0055(0.60), 0.9260~0.0050(0.40), 0.9182~0.0054(0.20), 0.9025~0.0061(0.10), 0.8785~0.0164(0.05), 0.6100~0.0896(0.01)
Micro-F1: 0.9387~0.0087(0.80), 0.9355~0.0053(0.60), 0.9310~0.0050(0.40), 0.9241~0.0052(0.20), 0.9096~0.0054(0.10), 0.8897~0.0128(0.05), 0.6984~0.0623(0.01)

  EarlyStopping counter: 4 out of 5
Epoch 0039 | Loss 2.9132 | Time(s) 205.0408
SVM test
Macro-F1: 0.9343~0.0071(0.80), 0.9314~0.0054(0.60), 0.9263~0.0049(0.40), 0.9165~0.0059(0.20), 0.9001~0.0060(0.10), 0.8776~0.0150(0.05), 0.5886~0.1163(0.01)
Micro-F1: 0.9379~0.0066(0.80), 0.9359~0.0050(0.60), 0.9309~0.0048(0.40), 0.9223~0.0056(0.20), 0.9073~0.0054(0.10), 0.8878~0.0122(0.05), 0.6801~0.0846(0.01)

  Validation loss decreased (2.917311 --> 2.913227).  Saving model ...
all finished
